Arguments: 
  /usr/local/bin/node /opt/yarn-v1.22.4/bin/yarn.js start

PATH: 
  /usr/local/sbin:/usr/local/bin:/usr/sbin:/usr/bin:/sbin:/bin

Yarn version: 
  1.22.4

Node version: 
  14.3.0

Platform: 
  linux x64

Trace: 
  SyntaxError: /home/wei/node-server/package.json: Unexpected token { in JSON at position 358
      at JSON.parse (<anonymous>)
      at /opt/yarn-v1.22.4/lib/cli.js:1625:59
      at Generator.next (<anonymous>)
      at step (/opt/yarn-v1.22.4/lib/cli.js:310:30)
      at /opt/yarn-v1.22.4/lib/cli.js:321:13

npm manifest: 
  {
    "name": "node-server",
    "version": "1.0.0",
    "main": "server.js",
    "scripts": {
      "test": "echo \"Error: no test specified\" && exit 1",
      "start": "node server.js"
    },
    "keywords": [],
    "author": "",
    "license": "ISC",
    "description": "",
    "dependencies": {
      "express": "^4.17.1"
    },
    "devDependencies": {
      "nodemon": "^2.0.4"
    }
   {
    // Other properties...
    "scripts": {
      "start": "nodemon server.js"
    }
   }
  }

yarn manifest: 
  No manifest

Lockfile: 
  No lockfile
